<?xml version="1.0" encoding="UTF-8"?>
<!-- Generated by org.testng.reporters.JUnitReportReporter -->
<testsuite hostname="DESKTOP-UH80T38" failures="0" tests="1" name="testCases.TC1_VerifyAnnotation" time="1.845" errors="0" timestamp="2023-10-14T12:53:40 IST" skipped="0">
  <testcase classname="testCases.TC1_VerifyAnnotation" name="f" time="1.845"/>
  <system-out/>
</testsuite> <!-- testCases.TC1_VerifyAnnotation -->
